<?xml version="1.0" encoding="UTF-8"?>
<!-- Generated by org.testng.reporters.JUnitReportReporter -->
<testsuite skipped="0" hostname="Prabhakar-PC" name="com.maven.selenium.MultiWindow" tests="1" failures="0" timestamp="01 Feb 2018 10:47:14 GMT" time="32.392" errors="0">
  <testcase name="t1" time="32.392" classname="com.maven.selenium.MultiWindow"/>
</testsuite> <!-- com.maven.selenium.MultiWindow -->
