<?xml version="1.0" encoding="UTF-8"?>
<!-- Generated by org.testng.reporters.JUnitReportReporter -->
<testsuite skipped="1" hostname="Prabhakar-PC" name="com.maven.TestScript.HomePageTest" tests="4" failures="0" timestamp="01 Feb 2018 10:47:14 GMT" time="63.503" errors="0">
  <testcase name="GetTitle" time="18.591" classname="com.maven.TestScript.HomePageTest"/>
  <testcase name="DemoLink" time="21.800" classname="com.maven.TestScript.HomePageTest"/>
  <testcase name="OrderLink" time="23.112" classname="com.maven.TestScript.HomePageTest"/>
  <testcase name="validatelogin" classname="com.maven.TestScript.HomePageTest">
    <skipped/>
  </testcase> <!-- validatelogin -->
</testsuite> <!-- com.maven.TestScript.HomePageTest -->
