<?xml version="1.0" encoding="UTF-8"?>
<!-- Generated by org.testng.reporters.JUnitReportReporter -->
<testsuite skipped="0" hostname="Prabhakar-PC" name="com.maven.selenium.MultiWindow" tests="1" failures="0" timestamp="21 Jan 2018 18:39:00 GMT" time="31.427" errors="0">
  <testcase name="t1" time="31.427" classname="com.maven.selenium.MultiWindow"/>
</testsuite> <!-- com.maven.selenium.MultiWindow -->
