<?xml version="1.0" encoding="UTF-8"?>
<!-- Generated by org.testng.reporters.JUnitReportReporter -->
<testsuite skipped="0" hostname="Prabhakar-PC" name="com.maven.selenium.MultiWindow" tests="1" failures="0" timestamp="28 Jan 2018 16:42:59 GMT" time="20.011" errors="0">
  <testcase name="t1" time="20.011" classname="com.maven.selenium.MultiWindow"/>
</testsuite> <!-- com.maven.selenium.MultiWindow -->
