<?xml version="1.0" encoding="UTF-8"?>
<!-- Generated by org.testng.reporters.JUnitReportReporter -->
<testsuite skipped="0" hostname="Prabhakar-PC" name="com.maven.TestScript.LoginPageTest" tests="3" failures="0" timestamp="28 Jan 2018 18:55:14 GMT" time="56.136" errors="0">
  <testcase name="OrderLink" time="14.889" classname="com.maven.TestScript.LoginPageTest"/>
  <testcase name="validatelogin" time="25.062" classname="com.maven.TestScript.LoginPageTest"/>
  <testcase name="DemoLink" time="16.185" classname="com.maven.TestScript.LoginPageTest"/>
</testsuite> <!-- com.maven.TestScript.LoginPageTest -->
