<?xml version="1.0" encoding="UTF-8"?>
<!-- Generated by org.testng.reporters.JUnitReportReporter -->
<testsuite skipped="1" hostname="Prabhakar-PC" name="com.maven.TestScript.HomePageTest" tests="4" failures="0" timestamp="01 Feb 2018 09:35:32 GMT" time="51.800" errors="0">
  <testcase name="GetTitle" time="17.699" classname="com.maven.TestScript.HomePageTest"/>
  <testcase name="DemoLink" time="16.046" classname="com.maven.TestScript.HomePageTest"/>
  <testcase name="OrderLink" time="18.055" classname="com.maven.TestScript.HomePageTest"/>
  <testcase name="validatelogin" classname="com.maven.TestScript.HomePageTest">
    <skipped/>
  </testcase> <!-- validatelogin -->
</testsuite> <!-- com.maven.TestScript.HomePageTest -->
