<?xml version="1.0" encoding="UTF-8"?>
<!-- Generated by org.testng.reporters.JUnitReportReporter -->
<testsuite skipped="0" hostname="Prabhakar-PC" name="com.maven.selenium.Git_Confirmation" tests="1" failures="0" timestamp="01 Feb 2018 09:35:32 GMT" time="0.000" errors="0">
  <testcase name="test1" time="0.000" classname="com.maven.selenium.Git_Confirmation"/>
</testsuite> <!-- com.maven.selenium.Git_Confirmation -->
