<?xml version="1.0" encoding="UTF-8"?>
<!-- Generated by org.testng.reporters.JUnitReportReporter -->
<testsuite skipped="0" hostname="Prabhakar-PC" name="com.maven.selenium.MultiWindow" tests="1" failures="0" timestamp="01 Feb 2018 09:35:32 GMT" time="36.023" errors="0">
  <testcase name="t1" time="36.023" classname="com.maven.selenium.MultiWindow"/>
</testsuite> <!-- com.maven.selenium.MultiWindow -->
