<?xml version="1.0" encoding="UTF-8"?>
<!-- Generated by org.testng.reporters.JUnitReportReporter -->
<testsuite skipped="0" hostname="Prabhakar-PC" name="com.maven.selenium.MultiWindow" tests="1" failures="0" timestamp="21 Jan 2018 14:00:04 GMT" time="28.971" errors="0">
  <testcase name="t1" time="28.971" classname="com.maven.selenium.MultiWindow"/>
</testsuite> <!-- com.maven.selenium.MultiWindow -->
