<?xml version="1.0" encoding="UTF-8"?>
<!-- Generated by org.testng.reporters.JUnitReportReporter -->
<testsuite skipped="0" hostname="Prabhakar-PC" name="com.maven.selenium.Maven_Jenkins" tests="1" failures="0" timestamp="28 Jan 2018 16:01:24 GMT" time="0.013" errors="0">
  <testcase name="Test1" time="0.013" classname="com.maven.selenium.Maven_Jenkins"/>
</testsuite> <!-- com.maven.selenium.Maven_Jenkins -->
